<?xml version="1.0" encoding="UTF-8"?>
<testng-results ignored="0" total="2" passed="2" failed="0" skipped="0">
  <reporter-output>
  </reporter-output>
  <suite started-at="2021-09-28T12:05:07 IST" name="All Test Suite" finished-at="2021-09-28T12:05:08 IST" duration-ms="837">
    <groups>
    </groups>
    <test started-at="2021-09-28T12:05:07 IST" name="automation_website_pom" finished-at="2021-09-28T12:05:08 IST" duration-ms="837">
      <class name="Tests.DemoTest">
        <test-method is-config="true" signature="setupx()[pri:0, instance:Tests.DemoTest@4f6f416f]" started-at="2021-09-28T12:05:07 IST" name="setupx" finished-at="2021-09-28T12:05:07 IST" duration-ms="25" status="PASS">
          <reporter-output>
          </reporter-output>
        </test-method> <!-- setupx -->
        <test-method signature="demoTest1()[pri:0, instance:Tests.DemoTest@4f6f416f]" started-at="2021-09-28T12:05:07 IST" name="demoTest1" finished-at="2021-09-28T12:05:08 IST" duration-ms="317" status="PASS">
          <reporter-output>
          </reporter-output>
        </test-method> <!-- demoTest1 -->
        <test-method is-config="true" signature="close()[pri:0, instance:Tests.DemoTest@4f6f416f]" started-at="2021-09-28T12:05:08 IST" name="close" finished-at="2021-09-28T12:05:08 IST" duration-ms="1" status="PASS">
          <reporter-output>
          </reporter-output>
        </test-method> <!-- close -->
        <test-method is-config="true" signature="setupx()[pri:0, instance:Tests.DemoTest@4f6f416f]" started-at="2021-09-28T12:05:08 IST" name="setupx" finished-at="2021-09-28T12:05:08 IST" duration-ms="4" status="PASS">
          <reporter-output>
          </reporter-output>
        </test-method> <!-- setupx -->
        <test-method signature="demoTest2()[pri:0, instance:Tests.DemoTest@4f6f416f]" started-at="2021-09-28T12:05:08 IST" name="demoTest2" finished-at="2021-09-28T12:05:08 IST" duration-ms="26" status="PASS">
          <reporter-output>
          </reporter-output>
        </test-method> <!-- demoTest2 -->
        <test-method is-config="true" signature="close()[pri:0, instance:Tests.DemoTest@4f6f416f]" started-at="2021-09-28T12:05:08 IST" name="close" finished-at="2021-09-28T12:05:08 IST" duration-ms="2" status="PASS">
          <reporter-output>
          </reporter-output>
        </test-method> <!-- close -->
      </class> <!-- Tests.DemoTest -->
    </test> <!-- automation_website_pom -->
  </suite> <!-- All Test Suite -->
</testng-results>
